# JRE version: OpenJDK Runtime Environment Temurin-21.0.10+7 (21.0.10+7) (build 21.0.10+7-LTS)
# Java VM: OpenJDK 64-Bit Server VM Temurin-21.0.10+7 (21.0.10+7-LTS, mixed mode, sharing, tiered, compressed oops, compressed class ptrs, g1 gc, windows-amd64)
GC Precious Log:
 CardTable entry size: 512
 Card Set container configuration: InlinePtr #cards 5 size 8 Array Of Cards #cards 12 size 40 Howl #buckets 4 coarsen threshold 1843 Howl Bitmap #cards 512 size 80 coarsen threshold 460 Card regions per heap region 1 cards per card region 2048
 CPUs: 8 total, 8 available
 Memory: 32611M
 Large Page Support: Disabled
 NUMA Support: Disabled
 Compressed Oops: Enabled (32-bit)
 Heap Region Size: 1M
 Heap Min Capacity: 8M
 Heap Initial Capacity: 510M
 Heap Max Capacity: 2G
 Pre-touch: Disabled
 Parallel Workers: 8
 Concurrent Workers: 2
 Concurrent Refinement Workers: 8
 Periodic GC: Disabled
Heap:
 garbage-first heap   total 286720K, used 244123K [0x0000000080000000, 0x0000000100000000)
  region size 1024K, 105 young (107520K), 14 survivors (14336K)
 Metaspace       used 111575K, committed 113920K, reserved 1179648K
  class space    used 15611K, committed 16768K, reserved 1048576K
GC Heap History (20 events):
Event: 19.927 GC heap before
{Heap before GC invocations=13 (full 0):
 garbage-first heap   total 314368K, used 247679K [0x0000000080000000, 0x0000000100000000)
  region size 1024K, 184 young (188416K), 4 survivors (4096K)
 Metaspace       used 59051K, committed 60928K, reserved 1114112K
  class space    used 8372K, committed 9280K, reserved 1048576K
}
Event: 19.939 GC heap after
{Heap after GC invocations=14 (full 0):
 garbage-first heap   total 314368K, used 79322K [0x0000000080000000, 0x0000000100000000)
  region size 1024K, 19 young (19456K), 19 survivors (19456K)
 Metaspace       used 59051K, committed 60928K, reserved 1114112K
  class space    used 8372K, committed 9280K, reserved 1048576K
}
Event: 19.944 GC heap before
{Heap before GC invocations=14 (full 0):
 garbage-first heap   total 314368K, used 79322K [0x0000000080000000, 0x0000000100000000)
  region size 1024K, 20 young (20480K), 19 survivors (19456K)
 Metaspace       used 59061K, committed 60928K, reserved 1114112K
  class space    used 8372K, committed 9280K, reserved 1048576K
}
Event: 19.953 GC heap after
{Heap after GC invocations=15 (full 0):
 garbage-first heap   total 314368K, used 79851K [0x0000000080000000, 0x0000000100000000)
  region size 1024K, 2 young (2048K), 2 survivors (2048K)
 Metaspace       used 59061K, committed 60928K, reserved 1114112K
  class space    used 8372K, committed 9280K, reserved 1048576K
}
Event: 23.475 GC heap before
{Heap before GC invocations=16 (full 0):
 garbage-first heap   total 283648K, used 258027K [0x0000000080000000, 0x0000000100000000)
  region size 1024K, 166 young (169984K), 2 survivors (2048K)
 Metaspace       used 68716K, committed 70592K, reserved 1114112K
  class space    used 9650K, committed 10560K, reserved 1048576K
}
Event: 23.491 GC heap after
{Heap after GC invocations=17 (full 0):
 garbage-first heap   total 283648K, used 97678K [0x0000000080000000, 0x0000000100000000)
  region size 1024K, 15 young (15360K), 15 survivors (15360K)
 Metaspace       used 68716K, committed 70592K, reserved 1114112K
  class space    used 9650K, committed 10560K, reserved 1048576K
}
Event: 27.074 GC heap before
{Heap before GC invocations=17 (full 0):
 garbage-first heap   total 283648K, used 244110K [0x0000000080000000, 0x0000000100000000)
  region size 1024K, 158 young (161792K), 15 survivors (15360K)
 Metaspace       used 78691K, committed 80832K, reserved 1179648K
  class space    used 11288K, committed 12352K, reserved 1048576K
}
Event: 27.094 GC heap after
{Heap after GC invocations=18 (full 0):
 garbage-first heap   total 283648K, used 105502K [0x0000000080000000, 0x0000000100000000)
  region size 1024K, 10 young (10240K), 10 survivors (10240K)
 Metaspace       used 78691K, committed 80832K, reserved 1179648K
  class space    used 11288K, committed 12352K, reserved 1048576K
}
Event: 34.157 GC heap before
{Heap before GC invocations=18 (full 0):
 garbage-first heap   total 283648K, used 246814K [0x0000000080000000, 0x0000000100000000)
  region size 1024K, 149 young (152576K), 10 survivors (10240K)
 Metaspace       used 79050K, committed 81152K, reserved 1179648K
  class space    used 11304K, committed 12352K, reserved 1048576K
}
Event: 34.173 GC heap after
{Heap after GC invocations=19 (full 0):
 garbage-first heap   total 283648K, used 114670K [0x0000000080000000, 0x0000000100000000)
  region size 1024K, 19 young (19456K), 19 survivors (19456K)
 Metaspace       used 79050K, committed 81152K, reserved 1179648K
  class space    used 11304K, committed 12352K, reserved 1048576K
}
Event: 34.531 GC heap before
{Heap before GC invocations=19 (full 0):
 garbage-first heap   total 283648K, used 130030K [0x0000000080000000, 0x0000000100000000)
  region size 1024K, 35 young (35840K), 19 survivors (19456K)
 Metaspace       used 79130K, committed 81216K, reserved 1179648K
  class space    used 11315K, committed 12352K, reserved 1048576K
}
Event: 34.547 GC heap after
{Heap after GC invocations=20 (full 0):
 garbage-first heap   total 283648K, used 114613K [0x0000000080000000, 0x0000000100000000)
  region size 1024K, 9 young (9216K), 9 survivors (9216K)
 Metaspace       used 79130K, committed 81216K, reserved 1179648K
  class space    used 11315K, committed 12352K, reserved 1048576K
}
Event: 37.945 GC heap before
{Heap before GC invocations=21 (full 0):
 garbage-first heap   total 283648K, used 262069K [0x0000000080000000, 0x0000000100000000)
  region size 1024K, 143 young (146432K), 9 survivors (9216K)
 Metaspace       used 89747K, committed 91904K, reserved 1179648K
  class space    used 12635K, committed 13696K, reserved 1048576K
}
Event: 37.959 GC heap after
{Heap after GC invocations=22 (full 0):
 garbage-first heap   total 284672K, used 130729K [0x0000000080000000, 0x0000000100000000)
  region size 1024K, 18 young (18432K), 18 survivors (18432K)
 Metaspace       used 89747K, committed 91904K, reserved 1179648K
  class space    used 12635K, committed 13696K, reserved 1048576K
}
Event: 40.394 GC heap before
{Heap before GC invocations=22 (full 0):
 garbage-first heap   total 284672K, used 256681K [0x0000000080000000, 0x0000000100000000)
  region size 1024K, 140 young (143360K), 18 survivors (18432K)
 Metaspace       used 97631K, committed 99904K, reserved 1179648K
  class space    used 13892K, committed 14976K, reserved 1048576K
}
Event: 40.421 GC heap after
{Heap after GC invocations=23 (full 0):
 garbage-first heap   total 286720K, used 138587K [0x0000000080000000, 0x0000000100000000)
  region size 1024K, 10 young (10240K), 10 survivors (10240K)
 Metaspace       used 97631K, committed 99904K, reserved 1179648K
  class space    used 13892K, committed 14976K, reserved 1048576K
}
Event: 70.576 GC heap before
{Heap before GC invocations=23 (full 0):
 garbage-first heap   total 286720K, used 258395K [0x0000000080000000, 0x0000000100000000)
  region size 1024K, 128 young (131072K), 10 survivors (10240K)
 Metaspace       used 99002K, committed 101312K, reserved 1179648K
  class space    used 14014K, committed 15168K, reserved 1048576K
}
Event: 70.606 GC heap after
{Heap after GC invocations=24 (full 0):
 garbage-first heap   total 286720K, used 145221K [0x0000000080000000, 0x0000000100000000)
  region size 1024K, 7 young (7168K), 7 survivors (7168K)
 Metaspace       used 99002K, committed 101312K, reserved 1179648K
  class space    used 14014K, committed 15168K, reserved 1048576K
}
Event: 76.336 GC heap before
{Heap before GC invocations=25 (full 0):
 garbage-first heap   total 286720K, used 269125K [0x0000000080000000, 0x0000000100000000)
  region size 1024K, 121 young (123904K), 7 survivors (7168K)
 Metaspace       used 106364K, committed 108672K, reserved 1179648K
  class space    used 14911K, committed 16064K, reserved 1048576K
}
Event: 76.351 GC heap after
{Heap after GC invocations=26 (full 0):
 garbage-first heap   total 286720K, used 151963K [0x0000000080000000, 0x0000000100000000)
  region size 1024K, 14 young (14336K), 14 survivors (14336K)
 Metaspace       used 106364K, committed 108672K, reserved 1179648K
  class space    used 14911K, committed 16064K, reserved 1048576K
}

